05-Dec-2017 12:23:30 [main] ERROR informare.livrare.model.OperatiiMasina - java.sql.SQLException: ORA-01001: cursor nevalid

	at oracle.jdbc.driver.T4CTTIoer.processError(T4CTTIoer.java:447)
	at oracle.jdbc.driver.T4CTTIoer.processError(T4CTTIoer.java:396)
	at oracle.jdbc.driver.T4C8Oall.processError(T4C8Oall.java:951)
	at oracle.jdbc.driver.T4CTTIfun.receive(T4CTTIfun.java:513)
	at oracle.jdbc.driver.T4CTTIfun.doRPC(T4CTTIfun.java:227)
	at oracle.jdbc.driver.T4C8Oall.doOALL(T4C8Oall.java:531)
	at oracle.jdbc.driver.T4CPreparedStatement.doOall8(T4CPreparedStatement.java:208)
	at oracle.jdbc.driver.T4CPreparedStatement.fetch(T4CPreparedStatement.java:1121)
	at oracle.jdbc.driver.OracleResultSetImpl.close_or_fetch_from_next(OracleResultSetImpl.java:384)
	at oracle.jdbc.driver.OracleResultSetImpl.next(OracleResultSetImpl.java:288)
	at informare.livrare.model.OperatiiMasina.getVitezaMedie(OperatiiMasina.java:32)
	at informare.livrare.test.TestClass.main(TestClass.java:22)

05-Dec-2017 12:24:09 [main] ERROR informare.livrare.model.OperatiiMasina - java.sql.SQLException: ORA-01001: cursor nevalid

	at oracle.jdbc.driver.T4CTTIoer.processError(T4CTTIoer.java:447)
	at oracle.jdbc.driver.T4CTTIoer.processError(T4CTTIoer.java:396)
	at oracle.jdbc.driver.T4C8Oall.processError(T4C8Oall.java:951)
	at oracle.jdbc.driver.T4CTTIfun.receive(T4CTTIfun.java:513)
	at oracle.jdbc.driver.T4CTTIfun.doRPC(T4CTTIfun.java:227)
	at oracle.jdbc.driver.T4C8Oall.doOALL(T4C8Oall.java:531)
	at oracle.jdbc.driver.T4CPreparedStatement.doOall8(T4CPreparedStatement.java:208)
	at oracle.jdbc.driver.T4CPreparedStatement.fetch(T4CPreparedStatement.java:1121)
	at oracle.jdbc.driver.OracleResultSetImpl.close_or_fetch_from_next(OracleResultSetImpl.java:384)
	at oracle.jdbc.driver.OracleResultSetImpl.next(OracleResultSetImpl.java:288)
	at informare.livrare.model.OperatiiMasina.getVitezaMedie(OperatiiMasina.java:32)
	at informare.livrare.test.TestClass.main(TestClass.java:22)

05-Dec-2017 15:08:13 [main] ERROR informare.livrare.model.OperatiiClient - java.sql.SQLIntegrityConstraintViolationException: ORA-00001: restricþia unicã (UNKNOWN.obj#=787072) nu este respectatã

	at oracle.jdbc.driver.T4CTTIoer.processError(T4CTTIoer.java:447)
	at oracle.jdbc.driver.T4CTTIoer.processError(T4CTTIoer.java:396)
	at oracle.jdbc.driver.T4C8Oall.processError(T4C8Oall.java:951)
	at oracle.jdbc.driver.T4CTTIfun.receive(T4CTTIfun.java:513)
	at oracle.jdbc.driver.T4CTTIfun.doRPC(T4CTTIfun.java:227)
	at oracle.jdbc.driver.T4C8Oall.doOALL(T4C8Oall.java:531)
	at oracle.jdbc.driver.T4CPreparedStatement.doOall8(T4CPreparedStatement.java:208)
	at oracle.jdbc.driver.T4CPreparedStatement.executeForRows(T4CPreparedStatement.java:1046)
	at oracle.jdbc.driver.OracleStatement.doExecuteWithTimeout(OracleStatement.java:1336)
	at oracle.jdbc.driver.OraclePreparedStatement.executeInternal(OraclePreparedStatement.java:3613)
	at oracle.jdbc.driver.OraclePreparedStatement.execute(OraclePreparedStatement.java:3714)
	at oracle.jdbc.driver.OraclePreparedStatementWrapper.execute(OraclePreparedStatementWrapper.java:1378)
	at informare.livrare.model.OperatiiClient.saveCoordonateAdresa(OperatiiClient.java:46)
	at informare.livrare.beans.BeanClient.setCoordGps(BeanClient.java:100)
	at informare.livrare.model.OperatiiBorderou.getClientiBorderouOnline(OperatiiBorderou.java:118)
	at informare.livrare.test.TestClass.main(TestClass.java:34)

08-Dec-2017 11:46:39 [main] ERROR informare.livrare.model.OperatiiBorderou - java.sql.SQLSyntaxErrorException: ORA-00904: "Z"."CODCLIENT": identificator nevalid

	at oracle.jdbc.driver.T4CTTIoer.processError(T4CTTIoer.java:447)
	at oracle.jdbc.driver.T4CTTIoer.processError(T4CTTIoer.java:396)
	at oracle.jdbc.driver.T4C8Oall.processError(T4C8Oall.java:951)
	at oracle.jdbc.driver.T4CTTIfun.receive(T4CTTIfun.java:513)
	at oracle.jdbc.driver.T4CTTIfun.doRPC(T4CTTIfun.java:227)
	at oracle.jdbc.driver.T4C8Oall.doOALL(T4C8Oall.java:531)
	at oracle.jdbc.driver.T4CPreparedStatement.doOall8(T4CPreparedStatement.java:208)
	at oracle.jdbc.driver.T4CPreparedStatement.executeForDescribe(T4CPreparedStatement.java:886)
	at oracle.jdbc.driver.OracleStatement.executeMaybeDescribe(OracleStatement.java:1175)
	at oracle.jdbc.driver.OracleStatement.doExecuteWithTimeout(OracleStatement.java:1296)
	at oracle.jdbc.driver.OraclePreparedStatement.executeInternal(OraclePreparedStatement.java:3613)
	at oracle.jdbc.driver.OraclePreparedStatement.executeQuery(OraclePreparedStatement.java:3657)
	at oracle.jdbc.driver.OraclePreparedStatementWrapper.executeQuery(OraclePreparedStatementWrapper.java:1495)
	at informare.livrare.model.OperatiiBorderou.getClientiBorderouOnline(OperatiiBorderou.java:99)
	at informare.livrare.test.TestClass.main(TestClass.java:41)

08-Dec-2017 11:48:20 [main] ERROR informare.livrare.model.OperatiiClient - java.sql.SQLIntegrityConstraintViolationException: ORA-00001: restricþia unicã (UNKNOWN.obj#=787072) nu este respectatã

	at oracle.jdbc.driver.T4CTTIoer.processError(T4CTTIoer.java:447)
	at oracle.jdbc.driver.T4CTTIoer.processError(T4CTTIoer.java:396)
	at oracle.jdbc.driver.T4C8Oall.processError(T4C8Oall.java:951)
	at oracle.jdbc.driver.T4CTTIfun.receive(T4CTTIfun.java:513)
	at oracle.jdbc.driver.T4CTTIfun.doRPC(T4CTTIfun.java:227)
	at oracle.jdbc.driver.T4C8Oall.doOALL(T4C8Oall.java:531)
	at oracle.jdbc.driver.T4CPreparedStatement.doOall8(T4CPreparedStatement.java:208)
	at oracle.jdbc.driver.T4CPreparedStatement.executeForRows(T4CPreparedStatement.java:1046)
	at oracle.jdbc.driver.OracleStatement.doExecuteWithTimeout(OracleStatement.java:1336)
	at oracle.jdbc.driver.OraclePreparedStatement.executeInternal(OraclePreparedStatement.java:3613)
	at oracle.jdbc.driver.OraclePreparedStatement.execute(OraclePreparedStatement.java:3714)
	at oracle.jdbc.driver.OraclePreparedStatementWrapper.execute(OraclePreparedStatementWrapper.java:1378)
	at informare.livrare.model.OperatiiClient.saveCoordonateAdresa(OperatiiClient.java:50)
	at informare.livrare.beans.BeanClient.setCoordGps(BeanClient.java:100)
	at informare.livrare.model.OperatiiBorderou.getClientiBorderouOnline(OperatiiBorderou.java:118)
	at informare.livrare.test.TestClass.main(TestClass.java:41)

08-Dec-2017 11:48:20 [main] ERROR informare.livrare.model.OperatiiBorderou - java.sql.SQLException: Invalid column name
	at oracle.jdbc.driver.OracleStatement.getColumnIndex(OracleStatement.java:3724)
	at oracle.jdbc.driver.OracleResultSetImpl.findColumn(OracleResultSetImpl.java:2799)
	at oracle.jdbc.driver.OracleResultSet.getString(OracleResultSet.java:498)
	at informare.livrare.model.OperatiiBorderou.getClientiBorderouOnline(OperatiiBorderou.java:122)
	at informare.livrare.test.TestClass.main(TestClass.java:41)

08-Dec-2017 11:49:18 [main] ERROR informare.livrare.model.OperatiiClient - java.sql.SQLIntegrityConstraintViolationException: ORA-00001: restricþia unicã (UNKNOWN.obj#=787072) nu este respectatã

	at oracle.jdbc.driver.T4CTTIoer.processError(T4CTTIoer.java:447)
	at oracle.jdbc.driver.T4CTTIoer.processError(T4CTTIoer.java:396)
	at oracle.jdbc.driver.T4C8Oall.processError(T4C8Oall.java:951)
	at oracle.jdbc.driver.T4CTTIfun.receive(T4CTTIfun.java:513)
	at oracle.jdbc.driver.T4CTTIfun.doRPC(T4CTTIfun.java:227)
	at oracle.jdbc.driver.T4C8Oall.doOALL(T4C8Oall.java:531)
	at oracle.jdbc.driver.T4CPreparedStatement.doOall8(T4CPreparedStatement.java:208)
	at oracle.jdbc.driver.T4CPreparedStatement.executeForRows(T4CPreparedStatement.java:1046)
	at oracle.jdbc.driver.OracleStatement.doExecuteWithTimeout(OracleStatement.java:1336)
	at oracle.jdbc.driver.OraclePreparedStatement.executeInternal(OraclePreparedStatement.java:3613)
	at oracle.jdbc.driver.OraclePreparedStatement.execute(OraclePreparedStatement.java:3714)
	at oracle.jdbc.driver.OraclePreparedStatementWrapper.execute(OraclePreparedStatementWrapper.java:1378)
	at informare.livrare.model.OperatiiClient.saveCoordonateAdresa(OperatiiClient.java:50)
	at informare.livrare.beans.BeanClient.setCoordGps(BeanClient.java:100)
	at informare.livrare.model.OperatiiBorderou.getClientiBorderouOnline(OperatiiBorderou.java:118)
	at informare.livrare.test.TestClass.main(TestClass.java:41)

08-Dec-2017 11:49:19 [main] ERROR informare.livrare.model.OperatiiClient - java.sql.SQLIntegrityConstraintViolationException: ORA-00001: restricþia unicã (UNKNOWN.obj#=787072) nu este respectatã

	at oracle.jdbc.driver.T4CTTIoer.processError(T4CTTIoer.java:447)
	at oracle.jdbc.driver.T4CTTIoer.processError(T4CTTIoer.java:396)
	at oracle.jdbc.driver.T4C8Oall.processError(T4C8Oall.java:951)
	at oracle.jdbc.driver.T4CTTIfun.receive(T4CTTIfun.java:513)
	at oracle.jdbc.driver.T4CTTIfun.doRPC(T4CTTIfun.java:227)
	at oracle.jdbc.driver.T4C8Oall.doOALL(T4C8Oall.java:531)
	at oracle.jdbc.driver.T4CPreparedStatement.doOall8(T4CPreparedStatement.java:208)
	at oracle.jdbc.driver.T4CPreparedStatement.executeForRows(T4CPreparedStatement.java:1046)
	at oracle.jdbc.driver.OracleStatement.doExecuteWithTimeout(OracleStatement.java:1336)
	at oracle.jdbc.driver.OraclePreparedStatement.executeInternal(OraclePreparedStatement.java:3613)
	at oracle.jdbc.driver.OraclePreparedStatement.execute(OraclePreparedStatement.java:3714)
	at oracle.jdbc.driver.OraclePreparedStatementWrapper.execute(OraclePreparedStatementWrapper.java:1378)
	at informare.livrare.model.OperatiiClient.saveCoordonateAdresa(OperatiiClient.java:50)
	at informare.livrare.beans.BeanClient.setCoordGps(BeanClient.java:100)
	at informare.livrare.model.OperatiiBorderou.getClientiBorderouOnline(OperatiiBorderou.java:118)
	at informare.livrare.test.TestClass.main(TestClass.java:41)

08-Dec-2017 11:49:20 [main] ERROR informare.livrare.model.OperatiiClient - java.sql.SQLIntegrityConstraintViolationException: ORA-00001: restricþia unicã (UNKNOWN.obj#=787072) nu este respectatã

	at oracle.jdbc.driver.T4CTTIoer.processError(T4CTTIoer.java:447)
	at oracle.jdbc.driver.T4CTTIoer.processError(T4CTTIoer.java:396)
	at oracle.jdbc.driver.T4C8Oall.processError(T4C8Oall.java:951)
	at oracle.jdbc.driver.T4CTTIfun.receive(T4CTTIfun.java:513)
	at oracle.jdbc.driver.T4CTTIfun.doRPC(T4CTTIfun.java:227)
	at oracle.jdbc.driver.T4C8Oall.doOALL(T4C8Oall.java:531)
	at oracle.jdbc.driver.T4CPreparedStatement.doOall8(T4CPreparedStatement.java:208)
	at oracle.jdbc.driver.T4CPreparedStatement.executeForRows(T4CPreparedStatement.java:1046)
	at oracle.jdbc.driver.OracleStatement.doExecuteWithTimeout(OracleStatement.java:1336)
	at oracle.jdbc.driver.OraclePreparedStatement.executeInternal(OraclePreparedStatement.java:3613)
	at oracle.jdbc.driver.OraclePreparedStatement.execute(OraclePreparedStatement.java:3714)
	at oracle.jdbc.driver.OraclePreparedStatementWrapper.execute(OraclePreparedStatementWrapper.java:1378)
	at informare.livrare.model.OperatiiClient.saveCoordonateAdresa(OperatiiClient.java:50)
	at informare.livrare.beans.BeanClient.setCoordGps(BeanClient.java:100)
	at informare.livrare.model.OperatiiBorderou.getClientiBorderouOnline(OperatiiBorderou.java:118)
	at informare.livrare.test.TestClass.main(TestClass.java:41)

09-Mar-2018 10:18:26 [main] ERROR informare.livrare.model.OperatiiClient - java.sql.SQLException: Missing IN or OUT parameter at index:: 2
	at oracle.jdbc.driver.OraclePreparedStatement.processCompletedBindRow(OraclePreparedStatement.java:1844)
	at oracle.jdbc.driver.OraclePreparedStatement.executeInternal(OraclePreparedStatement.java:3608)
	at oracle.jdbc.driver.OraclePreparedStatement.execute(OraclePreparedStatement.java:3714)
	at oracle.jdbc.driver.OraclePreparedStatementWrapper.execute(OraclePreparedStatementWrapper.java:1378)
	at informare.livrare.model.OperatiiClient.adresaExist(OperatiiClient.java:65)
	at informare.livrare.test.TestClass.main(TestClass.java:29)

09-Mar-2018 11:59:32 [main] ERROR informare.livrare.model.OperatiiClient - java.sql.SQLSyntaxErrorException: ORA-00933: comandã SQL terminatã impropriu

	at oracle.jdbc.driver.T4CTTIoer.processError(T4CTTIoer.java:447)
	at oracle.jdbc.driver.T4CTTIoer.processError(T4CTTIoer.java:396)
	at oracle.jdbc.driver.T4C8Oall.processError(T4C8Oall.java:951)
	at oracle.jdbc.driver.T4CTTIfun.receive(T4CTTIfun.java:513)
	at oracle.jdbc.driver.T4CTTIfun.doRPC(T4CTTIfun.java:227)
	at oracle.jdbc.driver.T4C8Oall.doOALL(T4C8Oall.java:531)
	at oracle.jdbc.driver.T4CPreparedStatement.doOall8(T4CPreparedStatement.java:208)
	at oracle.jdbc.driver.T4CPreparedStatement.executeForDescribe(T4CPreparedStatement.java:886)
	at oracle.jdbc.driver.OracleStatement.executeMaybeDescribe(OracleStatement.java:1175)
	at oracle.jdbc.driver.OracleStatement.doExecuteWithTimeout(OracleStatement.java:1296)
	at oracle.jdbc.driver.OracleStatement.doScrollExecuteCommon(OracleStatement.java:4721)
	at oracle.jdbc.driver.OraclePreparedStatement.doScrollPstmtExecuteUpdate(OraclePreparedStatement.java:10613)
	at oracle.jdbc.driver.OraclePreparedStatement.executeInternal(OraclePreparedStatement.java:3611)
	at oracle.jdbc.driver.OraclePreparedStatement.execute(OraclePreparedStatement.java:3714)
	at oracle.jdbc.driver.OraclePreparedStatementWrapper.execute(OraclePreparedStatementWrapper.java:1378)
	at informare.livrare.model.OperatiiClient.adresaClientExista(OperatiiClient.java:111)
	at informare.livrare.beans.BeanClient.setCoordGps(BeanClient.java:99)
	at informare.livrare.model.OperatiiBorderou.getClientiBorderouOnline(OperatiiBorderou.java:118)
	at informare.livrare.model.OperatiiClient.getTimpSosireClient(OperatiiClient.java:149)
	at informare.livrare.test.TestClass.main(TestClass.java:40)

09-Mar-2018 11:59:32 [main] ERROR informare.livrare.model.OperatiiClient - java.sql.SQLSyntaxErrorException: ORA-00904: "LONGITUDE": identificator nevalid

	at oracle.jdbc.driver.T4CTTIoer.processError(T4CTTIoer.java:447)
	at oracle.jdbc.driver.T4CTTIoer.processError(T4CTTIoer.java:396)
	at oracle.jdbc.driver.T4C8Oall.processError(T4C8Oall.java:951)
	at oracle.jdbc.driver.T4CTTIfun.receive(T4CTTIfun.java:513)
	at oracle.jdbc.driver.T4CTTIfun.doRPC(T4CTTIfun.java:227)
	at oracle.jdbc.driver.T4C8Oall.doOALL(T4C8Oall.java:531)
	at oracle.jdbc.driver.T4CPreparedStatement.doOall8(T4CPreparedStatement.java:208)
	at oracle.jdbc.driver.T4CPreparedStatement.executeForRows(T4CPreparedStatement.java:1046)
	at oracle.jdbc.driver.OracleStatement.doExecuteWithTimeout(OracleStatement.java:1336)
	at oracle.jdbc.driver.OraclePreparedStatement.executeInternal(OraclePreparedStatement.java:3613)
	at oracle.jdbc.driver.OraclePreparedStatement.execute(OraclePreparedStatement.java:3714)
	at oracle.jdbc.driver.OraclePreparedStatementWrapper.execute(OraclePreparedStatementWrapper.java:1378)
	at informare.livrare.model.OperatiiClient.adaugaCoordonateClient(OperatiiClient.java:66)
	at informare.livrare.beans.BeanClient.setCoordGps(BeanClient.java:100)
	at informare.livrare.model.OperatiiBorderou.getClientiBorderouOnline(OperatiiBorderou.java:118)
	at informare.livrare.model.OperatiiClient.getTimpSosireClient(OperatiiClient.java:149)
	at informare.livrare.test.TestClass.main(TestClass.java:40)

09-Mar-2018 11:59:33 [main] ERROR informare.livrare.model.OperatiiClient - java.sql.SQLSyntaxErrorException: ORA-00933: comandã SQL terminatã impropriu

	at oracle.jdbc.driver.T4CTTIoer.processError(T4CTTIoer.java:447)
	at oracle.jdbc.driver.T4CTTIoer.processError(T4CTTIoer.java:396)
	at oracle.jdbc.driver.T4C8Oall.processError(T4C8Oall.java:951)
	at oracle.jdbc.driver.T4CTTIfun.receive(T4CTTIfun.java:513)
	at oracle.jdbc.driver.T4CTTIfun.doRPC(T4CTTIfun.java:227)
	at oracle.jdbc.driver.T4C8Oall.doOALL(T4C8Oall.java:531)
	at oracle.jdbc.driver.T4CPreparedStatement.doOall8(T4CPreparedStatement.java:208)
	at oracle.jdbc.driver.T4CPreparedStatement.executeForDescribe(T4CPreparedStatement.java:886)
	at oracle.jdbc.driver.OracleStatement.executeMaybeDescribe(OracleStatement.java:1175)
	at oracle.jdbc.driver.OracleStatement.doExecuteWithTimeout(OracleStatement.java:1296)
	at oracle.jdbc.driver.OracleStatement.doScrollExecuteCommon(OracleStatement.java:4721)
	at oracle.jdbc.driver.OraclePreparedStatement.doScrollPstmtExecuteUpdate(OraclePreparedStatement.java:10613)
	at oracle.jdbc.driver.OraclePreparedStatement.executeInternal(OraclePreparedStatement.java:3611)
	at oracle.jdbc.driver.OraclePreparedStatement.execute(OraclePreparedStatement.java:3714)
	at oracle.jdbc.driver.OraclePreparedStatementWrapper.execute(OraclePreparedStatementWrapper.java:1378)
	at informare.livrare.model.OperatiiClient.adresaClientExista(OperatiiClient.java:111)
	at informare.livrare.beans.BeanClient.setCoordGps(BeanClient.java:99)
	at informare.livrare.model.OperatiiBorderou.getClientiBorderouOnline(OperatiiBorderou.java:118)
	at informare.livrare.model.OperatiiClient.getTimpSosireClient(OperatiiClient.java:149)
	at informare.livrare.test.TestClass.main(TestClass.java:40)

09-Mar-2018 11:59:33 [main] ERROR informare.livrare.model.OperatiiClient - java.sql.SQLSyntaxErrorException: ORA-00904: "LONGITUDE": identificator nevalid

	at oracle.jdbc.driver.T4CTTIoer.processError(T4CTTIoer.java:447)
	at oracle.jdbc.driver.T4CTTIoer.processError(T4CTTIoer.java:396)
	at oracle.jdbc.driver.T4C8Oall.processError(T4C8Oall.java:951)
	at oracle.jdbc.driver.T4CTTIfun.receive(T4CTTIfun.java:513)
	at oracle.jdbc.driver.T4CTTIfun.doRPC(T4CTTIfun.java:227)
	at oracle.jdbc.driver.T4C8Oall.doOALL(T4C8Oall.java:531)
	at oracle.jdbc.driver.T4CPreparedStatement.doOall8(T4CPreparedStatement.java:208)
	at oracle.jdbc.driver.T4CPreparedStatement.executeForRows(T4CPreparedStatement.java:1046)
	at oracle.jdbc.driver.OracleStatement.doExecuteWithTimeout(OracleStatement.java:1336)
	at oracle.jdbc.driver.OraclePreparedStatement.executeInternal(OraclePreparedStatement.java:3613)
	at oracle.jdbc.driver.OraclePreparedStatement.execute(OraclePreparedStatement.java:3714)
	at oracle.jdbc.driver.OraclePreparedStatementWrapper.execute(OraclePreparedStatementWrapper.java:1378)
	at informare.livrare.model.OperatiiClient.adaugaCoordonateClient(OperatiiClient.java:66)
	at informare.livrare.beans.BeanClient.setCoordGps(BeanClient.java:100)
	at informare.livrare.model.OperatiiBorderou.getClientiBorderouOnline(OperatiiBorderou.java:118)
	at informare.livrare.model.OperatiiClient.getTimpSosireClient(OperatiiClient.java:149)
	at informare.livrare.test.TestClass.main(TestClass.java:40)

09-Mar-2018 11:59:34 [main] ERROR informare.livrare.model.OperatiiClient - java.sql.SQLSyntaxErrorException: ORA-00933: comandã SQL terminatã impropriu

	at oracle.jdbc.driver.T4CTTIoer.processError(T4CTTIoer.java:447)
	at oracle.jdbc.driver.T4CTTIoer.processError(T4CTTIoer.java:396)
	at oracle.jdbc.driver.T4C8Oall.processError(T4C8Oall.java:951)
	at oracle.jdbc.driver.T4CTTIfun.receive(T4CTTIfun.java:513)
	at oracle.jdbc.driver.T4CTTIfun.doRPC(T4CTTIfun.java:227)
	at oracle.jdbc.driver.T4C8Oall.doOALL(T4C8Oall.java:531)
	at oracle.jdbc.driver.T4CPreparedStatement.doOall8(T4CPreparedStatement.java:208)
	at oracle.jdbc.driver.T4CPreparedStatement.executeForDescribe(T4CPreparedStatement.java:886)
	at oracle.jdbc.driver.OracleStatement.executeMaybeDescribe(OracleStatement.java:1175)
	at oracle.jdbc.driver.OracleStatement.doExecuteWithTimeout(OracleStatement.java:1296)
	at oracle.jdbc.driver.OracleStatement.doScrollExecuteCommon(OracleStatement.java:4721)
	at oracle.jdbc.driver.OraclePreparedStatement.doScrollPstmtExecuteUpdate(OraclePreparedStatement.java:10613)
	at oracle.jdbc.driver.OraclePreparedStatement.executeInternal(OraclePreparedStatement.java:3611)
	at oracle.jdbc.driver.OraclePreparedStatement.execute(OraclePreparedStatement.java:3714)
	at oracle.jdbc.driver.OraclePreparedStatementWrapper.execute(OraclePreparedStatementWrapper.java:1378)
	at informare.livrare.model.OperatiiClient.adresaClientExista(OperatiiClient.java:111)
	at informare.livrare.beans.BeanClient.setCoordGps(BeanClient.java:99)
	at informare.livrare.model.OperatiiBorderou.getClientiBorderouOnline(OperatiiBorderou.java:118)
	at informare.livrare.model.OperatiiClient.getTimpSosireClient(OperatiiClient.java:149)
	at informare.livrare.test.TestClass.main(TestClass.java:40)

09-Mar-2018 11:59:34 [main] ERROR informare.livrare.model.OperatiiClient - java.sql.SQLSyntaxErrorException: ORA-00904: "LONGITUDE": identificator nevalid

	at oracle.jdbc.driver.T4CTTIoer.processError(T4CTTIoer.java:447)
	at oracle.jdbc.driver.T4CTTIoer.processError(T4CTTIoer.java:396)
	at oracle.jdbc.driver.T4C8Oall.processError(T4C8Oall.java:951)
	at oracle.jdbc.driver.T4CTTIfun.receive(T4CTTIfun.java:513)
	at oracle.jdbc.driver.T4CTTIfun.doRPC(T4CTTIfun.java:227)
	at oracle.jdbc.driver.T4C8Oall.doOALL(T4C8Oall.java:531)
	at oracle.jdbc.driver.T4CPreparedStatement.doOall8(T4CPreparedStatement.java:208)
	at oracle.jdbc.driver.T4CPreparedStatement.executeForRows(T4CPreparedStatement.java:1046)
	at oracle.jdbc.driver.OracleStatement.doExecuteWithTimeout(OracleStatement.java:1336)
	at oracle.jdbc.driver.OraclePreparedStatement.executeInternal(OraclePreparedStatement.java:3613)
	at oracle.jdbc.driver.OraclePreparedStatement.execute(OraclePreparedStatement.java:3714)
	at oracle.jdbc.driver.OraclePreparedStatementWrapper.execute(OraclePreparedStatementWrapper.java:1378)
	at informare.livrare.model.OperatiiClient.adaugaCoordonateClient(OperatiiClient.java:66)
	at informare.livrare.beans.BeanClient.setCoordGps(BeanClient.java:100)
	at informare.livrare.model.OperatiiBorderou.getClientiBorderouOnline(OperatiiBorderou.java:118)
	at informare.livrare.model.OperatiiClient.getTimpSosireClient(OperatiiClient.java:149)
	at informare.livrare.test.TestClass.main(TestClass.java:40)

09-Mar-2018 11:59:34 [main] ERROR informare.livrare.model.OperatiiClient - java.sql.SQLSyntaxErrorException: ORA-00933: comandã SQL terminatã impropriu

	at oracle.jdbc.driver.T4CTTIoer.processError(T4CTTIoer.java:447)
	at oracle.jdbc.driver.T4CTTIoer.processError(T4CTTIoer.java:396)
	at oracle.jdbc.driver.T4C8Oall.processError(T4C8Oall.java:951)
	at oracle.jdbc.driver.T4CTTIfun.receive(T4CTTIfun.java:513)
	at oracle.jdbc.driver.T4CTTIfun.doRPC(T4CTTIfun.java:227)
	at oracle.jdbc.driver.T4C8Oall.doOALL(T4C8Oall.java:531)
	at oracle.jdbc.driver.T4CPreparedStatement.doOall8(T4CPreparedStatement.java:208)
	at oracle.jdbc.driver.T4CPreparedStatement.executeForDescribe(T4CPreparedStatement.java:886)
	at oracle.jdbc.driver.OracleStatement.executeMaybeDescribe(OracleStatement.java:1175)
	at oracle.jdbc.driver.OracleStatement.doExecuteWithTimeout(OracleStatement.java:1296)
	at oracle.jdbc.driver.OracleStatement.doScrollExecuteCommon(OracleStatement.java:4721)
	at oracle.jdbc.driver.OraclePreparedStatement.doScrollPstmtExecuteUpdate(OraclePreparedStatement.java:10613)
	at oracle.jdbc.driver.OraclePreparedStatement.executeInternal(OraclePreparedStatement.java:3611)
	at oracle.jdbc.driver.OraclePreparedStatement.execute(OraclePreparedStatement.java:3714)
	at oracle.jdbc.driver.OraclePreparedStatementWrapper.execute(OraclePreparedStatementWrapper.java:1378)
	at informare.livrare.model.OperatiiClient.adresaClientExista(OperatiiClient.java:111)
	at informare.livrare.beans.BeanClient.setCoordGps(BeanClient.java:99)
	at informare.livrare.model.OperatiiBorderou.getClientiBorderouOnline(OperatiiBorderou.java:118)
	at informare.livrare.model.OperatiiClient.getTimpSosireClient(OperatiiClient.java:149)
	at informare.livrare.test.TestClass.main(TestClass.java:40)

09-Mar-2018 11:59:34 [main] ERROR informare.livrare.model.OperatiiClient - java.sql.SQLSyntaxErrorException: ORA-00904: "LONGITUDE": identificator nevalid

	at oracle.jdbc.driver.T4CTTIoer.processError(T4CTTIoer.java:447)
	at oracle.jdbc.driver.T4CTTIoer.processError(T4CTTIoer.java:396)
	at oracle.jdbc.driver.T4C8Oall.processError(T4C8Oall.java:951)
	at oracle.jdbc.driver.T4CTTIfun.receive(T4CTTIfun.java:513)
	at oracle.jdbc.driver.T4CTTIfun.doRPC(T4CTTIfun.java:227)
	at oracle.jdbc.driver.T4C8Oall.doOALL(T4C8Oall.java:531)
	at oracle.jdbc.driver.T4CPreparedStatement.doOall8(T4CPreparedStatement.java:208)
	at oracle.jdbc.driver.T4CPreparedStatement.executeForRows(T4CPreparedStatement.java:1046)
	at oracle.jdbc.driver.OracleStatement.doExecuteWithTimeout(OracleStatement.java:1336)
	at oracle.jdbc.driver.OraclePreparedStatement.executeInternal(OraclePreparedStatement.java:3613)
	at oracle.jdbc.driver.OraclePreparedStatement.execute(OraclePreparedStatement.java:3714)
	at oracle.jdbc.driver.OraclePreparedStatementWrapper.execute(OraclePreparedStatementWrapper.java:1378)
	at informare.livrare.model.OperatiiClient.adaugaCoordonateClient(OperatiiClient.java:66)
	at informare.livrare.beans.BeanClient.setCoordGps(BeanClient.java:100)
	at informare.livrare.model.OperatiiBorderou.getClientiBorderouOnline(OperatiiBorderou.java:118)
	at informare.livrare.model.OperatiiClient.getTimpSosireClient(OperatiiClient.java:149)
	at informare.livrare.test.TestClass.main(TestClass.java:40)

09-Mar-2018 12:02:06 [main] ERROR informare.livrare.model.OperatiiClient - java.sql.SQLSyntaxErrorException: ORA-00933: comandã SQL terminatã impropriu

	at oracle.jdbc.driver.T4CTTIoer.processError(T4CTTIoer.java:447)
	at oracle.jdbc.driver.T4CTTIoer.processError(T4CTTIoer.java:396)
	at oracle.jdbc.driver.T4C8Oall.processError(T4C8Oall.java:951)
	at oracle.jdbc.driver.T4CTTIfun.receive(T4CTTIfun.java:513)
	at oracle.jdbc.driver.T4CTTIfun.doRPC(T4CTTIfun.java:227)
	at oracle.jdbc.driver.T4C8Oall.doOALL(T4C8Oall.java:531)
	at oracle.jdbc.driver.T4CPreparedStatement.doOall8(T4CPreparedStatement.java:208)
	at oracle.jdbc.driver.T4CPreparedStatement.executeForDescribe(T4CPreparedStatement.java:886)
	at oracle.jdbc.driver.OracleStatement.executeMaybeDescribe(OracleStatement.java:1175)
	at oracle.jdbc.driver.OracleStatement.doExecuteWithTimeout(OracleStatement.java:1296)
	at oracle.jdbc.driver.OracleStatement.doScrollExecuteCommon(OracleStatement.java:4721)
	at oracle.jdbc.driver.OraclePreparedStatement.doScrollPstmtExecuteUpdate(OraclePreparedStatement.java:10613)
	at oracle.jdbc.driver.OraclePreparedStatement.executeInternal(OraclePreparedStatement.java:3611)
	at oracle.jdbc.driver.OraclePreparedStatement.execute(OraclePreparedStatement.java:3714)
	at oracle.jdbc.driver.OraclePreparedStatementWrapper.execute(OraclePreparedStatementWrapper.java:1378)
	at informare.livrare.model.OperatiiClient.adresaClientExista(OperatiiClient.java:111)
	at informare.livrare.beans.BeanClient.setCoordGps(BeanClient.java:99)
	at informare.livrare.model.OperatiiBorderou.getClientiBorderouOnline(OperatiiBorderou.java:118)
	at informare.livrare.model.OperatiiClient.getTimpSosireClient(OperatiiClient.java:149)
	at informare.livrare.test.TestClass.main(TestClass.java:40)

09-Mar-2018 12:02:06 [main] ERROR informare.livrare.model.OperatiiClient - java.sql.SQLSyntaxErrorException: ORA-00933: comandã SQL terminatã impropriu

	at oracle.jdbc.driver.T4CTTIoer.processError(T4CTTIoer.java:447)
	at oracle.jdbc.driver.T4CTTIoer.processError(T4CTTIoer.java:396)
	at oracle.jdbc.driver.T4C8Oall.processError(T4C8Oall.java:951)
	at oracle.jdbc.driver.T4CTTIfun.receive(T4CTTIfun.java:513)
	at oracle.jdbc.driver.T4CTTIfun.doRPC(T4CTTIfun.java:227)
	at oracle.jdbc.driver.T4C8Oall.doOALL(T4C8Oall.java:531)
	at oracle.jdbc.driver.T4CPreparedStatement.doOall8(T4CPreparedStatement.java:208)
	at oracle.jdbc.driver.T4CPreparedStatement.executeForDescribe(T4CPreparedStatement.java:886)
	at oracle.jdbc.driver.OracleStatement.executeMaybeDescribe(OracleStatement.java:1175)
	at oracle.jdbc.driver.OracleStatement.doExecuteWithTimeout(OracleStatement.java:1296)
	at oracle.jdbc.driver.OracleStatement.doScrollExecuteCommon(OracleStatement.java:4721)
	at oracle.jdbc.driver.OraclePreparedStatement.doScrollPstmtExecuteUpdate(OraclePreparedStatement.java:10613)
	at oracle.jdbc.driver.OraclePreparedStatement.executeInternal(OraclePreparedStatement.java:3611)
	at oracle.jdbc.driver.OraclePreparedStatement.execute(OraclePreparedStatement.java:3714)
	at oracle.jdbc.driver.OraclePreparedStatementWrapper.execute(OraclePreparedStatementWrapper.java:1378)
	at informare.livrare.model.OperatiiClient.adresaClientExista(OperatiiClient.java:111)
	at informare.livrare.beans.BeanClient.setCoordGps(BeanClient.java:99)
	at informare.livrare.model.OperatiiBorderou.getClientiBorderouOnline(OperatiiBorderou.java:118)
	at informare.livrare.model.OperatiiClient.getTimpSosireClient(OperatiiClient.java:149)
	at informare.livrare.test.TestClass.main(TestClass.java:40)

09-Mar-2018 12:02:07 [main] ERROR informare.livrare.model.OperatiiClient - java.sql.SQLSyntaxErrorException: ORA-00933: comandã SQL terminatã impropriu

	at oracle.jdbc.driver.T4CTTIoer.processError(T4CTTIoer.java:447)
	at oracle.jdbc.driver.T4CTTIoer.processError(T4CTTIoer.java:396)
	at oracle.jdbc.driver.T4C8Oall.processError(T4C8Oall.java:951)
	at oracle.jdbc.driver.T4CTTIfun.receive(T4CTTIfun.java:513)
	at oracle.jdbc.driver.T4CTTIfun.doRPC(T4CTTIfun.java:227)
	at oracle.jdbc.driver.T4C8Oall.doOALL(T4C8Oall.java:531)
	at oracle.jdbc.driver.T4CPreparedStatement.doOall8(T4CPreparedStatement.java:208)
	at oracle.jdbc.driver.T4CPreparedStatement.executeForDescribe(T4CPreparedStatement.java:886)
	at oracle.jdbc.driver.OracleStatement.executeMaybeDescribe(OracleStatement.java:1175)
	at oracle.jdbc.driver.OracleStatement.doExecuteWithTimeout(OracleStatement.java:1296)
	at oracle.jdbc.driver.OracleStatement.doScrollExecuteCommon(OracleStatement.java:4721)
	at oracle.jdbc.driver.OraclePreparedStatement.doScrollPstmtExecuteUpdate(OraclePreparedStatement.java:10613)
	at oracle.jdbc.driver.OraclePreparedStatement.executeInternal(OraclePreparedStatement.java:3611)
	at oracle.jdbc.driver.OraclePreparedStatement.execute(OraclePreparedStatement.java:3714)
	at oracle.jdbc.driver.OraclePreparedStatementWrapper.execute(OraclePreparedStatementWrapper.java:1378)
	at informare.livrare.model.OperatiiClient.adresaClientExista(OperatiiClient.java:111)
	at informare.livrare.beans.BeanClient.setCoordGps(BeanClient.java:99)
	at informare.livrare.model.OperatiiBorderou.getClientiBorderouOnline(OperatiiBorderou.java:118)
	at informare.livrare.model.OperatiiClient.getTimpSosireClient(OperatiiClient.java:149)
	at informare.livrare.test.TestClass.main(TestClass.java:40)

09-Mar-2018 12:04:19 [main] ERROR informare.livrare.model.OperatiiClient - java.sql.SQLSyntaxErrorException: ORA-00933: comandã SQL terminatã impropriu

	at oracle.jdbc.driver.T4CTTIoer.processError(T4CTTIoer.java:447)
	at oracle.jdbc.driver.T4CTTIoer.processError(T4CTTIoer.java:396)
	at oracle.jdbc.driver.T4C8Oall.processError(T4C8Oall.java:951)
	at oracle.jdbc.driver.T4CTTIfun.receive(T4CTTIfun.java:513)
	at oracle.jdbc.driver.T4CTTIfun.doRPC(T4CTTIfun.java:227)
	at oracle.jdbc.driver.T4C8Oall.doOALL(T4C8Oall.java:531)
	at oracle.jdbc.driver.T4CPreparedStatement.doOall8(T4CPreparedStatement.java:208)
	at oracle.jdbc.driver.T4CPreparedStatement.executeForDescribe(T4CPreparedStatement.java:886)
	at oracle.jdbc.driver.OracleStatement.executeMaybeDescribe(OracleStatement.java:1175)
	at oracle.jdbc.driver.OracleStatement.doExecuteWithTimeout(OracleStatement.java:1296)
	at oracle.jdbc.driver.OracleStatement.doScrollExecuteCommon(OracleStatement.java:4721)
	at oracle.jdbc.driver.OraclePreparedStatement.doScrollPstmtExecuteUpdate(OraclePreparedStatement.java:10613)
	at oracle.jdbc.driver.OraclePreparedStatement.executeInternal(OraclePreparedStatement.java:3611)
	at oracle.jdbc.driver.OraclePreparedStatement.execute(OraclePreparedStatement.java:3714)
	at oracle.jdbc.driver.OraclePreparedStatementWrapper.execute(OraclePreparedStatementWrapper.java:1378)
	at informare.livrare.model.OperatiiClient.adresaClientExista(OperatiiClient.java:111)
	at informare.livrare.beans.BeanClient.setCoordGps(BeanClient.java:99)
	at informare.livrare.model.OperatiiBorderou.getClientiBorderouOnline(OperatiiBorderou.java:118)
	at informare.livrare.model.OperatiiClient.getTimpSosireClient(OperatiiClient.java:149)
	at informare.livrare.test.TestClass.main(TestClass.java:40)

09-Mar-2018 12:04:20 [main] ERROR informare.livrare.model.OperatiiClient - java.sql.SQLSyntaxErrorException: ORA-00933: comandã SQL terminatã impropriu

	at oracle.jdbc.driver.T4CTTIoer.processError(T4CTTIoer.java:447)
	at oracle.jdbc.driver.T4CTTIoer.processError(T4CTTIoer.java:396)
	at oracle.jdbc.driver.T4C8Oall.processError(T4C8Oall.java:951)
	at oracle.jdbc.driver.T4CTTIfun.receive(T4CTTIfun.java:513)
	at oracle.jdbc.driver.T4CTTIfun.doRPC(T4CTTIfun.java:227)
	at oracle.jdbc.driver.T4C8Oall.doOALL(T4C8Oall.java:531)
	at oracle.jdbc.driver.T4CPreparedStatement.doOall8(T4CPreparedStatement.java:208)
	at oracle.jdbc.driver.T4CPreparedStatement.executeForDescribe(T4CPreparedStatement.java:886)
	at oracle.jdbc.driver.OracleStatement.executeMaybeDescribe(OracleStatement.java:1175)
	at oracle.jdbc.driver.OracleStatement.doExecuteWithTimeout(OracleStatement.java:1296)
	at oracle.jdbc.driver.OracleStatement.doScrollExecuteCommon(OracleStatement.java:4721)
	at oracle.jdbc.driver.OraclePreparedStatement.doScrollPstmtExecuteUpdate(OraclePreparedStatement.java:10613)
	at oracle.jdbc.driver.OraclePreparedStatement.executeInternal(OraclePreparedStatement.java:3611)
	at oracle.jdbc.driver.OraclePreparedStatement.execute(OraclePreparedStatement.java:3714)
	at oracle.jdbc.driver.OraclePreparedStatementWrapper.execute(OraclePreparedStatementWrapper.java:1378)
	at informare.livrare.model.OperatiiClient.adresaClientExista(OperatiiClient.java:111)
	at informare.livrare.beans.BeanClient.setCoordGps(BeanClient.java:99)
	at informare.livrare.model.OperatiiBorderou.getClientiBorderouOnline(OperatiiBorderou.java:118)
	at informare.livrare.model.OperatiiClient.getTimpSosireClient(OperatiiClient.java:149)
	at informare.livrare.test.TestClass.main(TestClass.java:40)

09-Mar-2018 12:04:20 [main] ERROR informare.livrare.model.OperatiiClient - java.sql.SQLSyntaxErrorException: ORA-00933: comandã SQL terminatã impropriu

	at oracle.jdbc.driver.T4CTTIoer.processError(T4CTTIoer.java:447)
	at oracle.jdbc.driver.T4CTTIoer.processError(T4CTTIoer.java:396)
	at oracle.jdbc.driver.T4C8Oall.processError(T4C8Oall.java:951)
	at oracle.jdbc.driver.T4CTTIfun.receive(T4CTTIfun.java:513)
	at oracle.jdbc.driver.T4CTTIfun.doRPC(T4CTTIfun.java:227)
	at oracle.jdbc.driver.T4C8Oall.doOALL(T4C8Oall.java:531)
	at oracle.jdbc.driver.T4CPreparedStatement.doOall8(T4CPreparedStatement.java:208)
	at oracle.jdbc.driver.T4CPreparedStatement.executeForDescribe(T4CPreparedStatement.java:886)
	at oracle.jdbc.driver.OracleStatement.executeMaybeDescribe(OracleStatement.java:1175)
	at oracle.jdbc.driver.OracleStatement.doExecuteWithTimeout(OracleStatement.java:1296)
	at oracle.jdbc.driver.OracleStatement.doScrollExecuteCommon(OracleStatement.java:4721)
	at oracle.jdbc.driver.OraclePreparedStatement.doScrollPstmtExecuteUpdate(OraclePreparedStatement.java:10613)
	at oracle.jdbc.driver.OraclePreparedStatement.executeInternal(OraclePreparedStatement.java:3611)
	at oracle.jdbc.driver.OraclePreparedStatement.execute(OraclePreparedStatement.java:3714)
	at oracle.jdbc.driver.OraclePreparedStatementWrapper.execute(OraclePreparedStatementWrapper.java:1378)
	at informare.livrare.model.OperatiiClient.adresaClientExista(OperatiiClient.java:111)
	at informare.livrare.beans.BeanClient.setCoordGps(BeanClient.java:99)
	at informare.livrare.model.OperatiiBorderou.getClientiBorderouOnline(OperatiiBorderou.java:118)
	at informare.livrare.model.OperatiiClient.getTimpSosireClient(OperatiiClient.java:149)
	at informare.livrare.test.TestClass.main(TestClass.java:40)

09-Mar-2018 12:04:21 [main] ERROR informare.livrare.model.OperatiiClient - java.sql.SQLSyntaxErrorException: ORA-00933: comandã SQL terminatã impropriu

	at oracle.jdbc.driver.T4CTTIoer.processError(T4CTTIoer.java:447)
	at oracle.jdbc.driver.T4CTTIoer.processError(T4CTTIoer.java:396)
	at oracle.jdbc.driver.T4C8Oall.processError(T4C8Oall.java:951)
	at oracle.jdbc.driver.T4CTTIfun.receive(T4CTTIfun.java:513)
	at oracle.jdbc.driver.T4CTTIfun.doRPC(T4CTTIfun.java:227)
	at oracle.jdbc.driver.T4C8Oall.doOALL(T4C8Oall.java:531)
	at oracle.jdbc.driver.T4CPreparedStatement.doOall8(T4CPreparedStatement.java:208)
	at oracle.jdbc.driver.T4CPreparedStatement.executeForDescribe(T4CPreparedStatement.java:886)
	at oracle.jdbc.driver.OracleStatement.executeMaybeDescribe(OracleStatement.java:1175)
	at oracle.jdbc.driver.OracleStatement.doExecuteWithTimeout(OracleStatement.java:1296)
	at oracle.jdbc.driver.OracleStatement.doScrollExecuteCommon(OracleStatement.java:4721)
	at oracle.jdbc.driver.OraclePreparedStatement.doScrollPstmtExecuteUpdate(OraclePreparedStatement.java:10613)
	at oracle.jdbc.driver.OraclePreparedStatement.executeInternal(OraclePreparedStatement.java:3611)
	at oracle.jdbc.driver.OraclePreparedStatement.execute(OraclePreparedStatement.java:3714)
	at oracle.jdbc.driver.OraclePreparedStatementWrapper.execute(OraclePreparedStatementWrapper.java:1378)
	at informare.livrare.model.OperatiiClient.adresaClientExista(OperatiiClient.java:111)
	at informare.livrare.beans.BeanClient.setCoordGps(BeanClient.java:99)
	at informare.livrare.model.OperatiiBorderou.getClientiBorderouOnline(OperatiiBorderou.java:118)
	at informare.livrare.model.OperatiiClient.getTimpSosireClient(OperatiiClient.java:149)
	at informare.livrare.test.TestClass.main(TestClass.java:40)

09-Mar-2018 12:04:22 [main] ERROR informare.livrare.model.OperatiiClient - java.sql.SQLSyntaxErrorException: ORA-00933: comandã SQL terminatã impropriu

	at oracle.jdbc.driver.T4CTTIoer.processError(T4CTTIoer.java:447)
	at oracle.jdbc.driver.T4CTTIoer.processError(T4CTTIoer.java:396)
	at oracle.jdbc.driver.T4C8Oall.processError(T4C8Oall.java:951)
	at oracle.jdbc.driver.T4CTTIfun.receive(T4CTTIfun.java:513)
	at oracle.jdbc.driver.T4CTTIfun.doRPC(T4CTTIfun.java:227)
	at oracle.jdbc.driver.T4C8Oall.doOALL(T4C8Oall.java:531)
	at oracle.jdbc.driver.T4CPreparedStatement.doOall8(T4CPreparedStatement.java:208)
	at oracle.jdbc.driver.T4CPreparedStatement.executeForDescribe(T4CPreparedStatement.java:886)
	at oracle.jdbc.driver.OracleStatement.executeMaybeDescribe(OracleStatement.java:1175)
	at oracle.jdbc.driver.OracleStatement.doExecuteWithTimeout(OracleStatement.java:1296)
	at oracle.jdbc.driver.OracleStatement.doScrollExecuteCommon(OracleStatement.java:4721)
	at oracle.jdbc.driver.OraclePreparedStatement.doScrollPstmtExecuteUpdate(OraclePreparedStatement.java:10613)
	at oracle.jdbc.driver.OraclePreparedStatement.executeInternal(OraclePreparedStatement.java:3611)
	at oracle.jdbc.driver.OraclePreparedStatement.execute(OraclePreparedStatement.java:3714)
	at oracle.jdbc.driver.OraclePreparedStatementWrapper.execute(OraclePreparedStatementWrapper.java:1378)
	at informare.livrare.model.OperatiiClient.adresaClientExista(OperatiiClient.java:111)
	at informare.livrare.beans.BeanClient.setCoordGps(BeanClient.java:99)
	at informare.livrare.model.OperatiiBorderou.getClientiBorderouOnline(OperatiiBorderou.java:118)
	at informare.livrare.model.OperatiiClient.getTimpSosireClient(OperatiiClient.java:149)
	at informare.livrare.test.TestClass.main(TestClass.java:40)

09-Mar-2018 12:04:23 [main] ERROR informare.livrare.model.OperatiiClient - java.sql.SQLSyntaxErrorException: ORA-00933: comandã SQL terminatã impropriu

	at oracle.jdbc.driver.T4CTTIoer.processError(T4CTTIoer.java:447)
	at oracle.jdbc.driver.T4CTTIoer.processError(T4CTTIoer.java:396)
	at oracle.jdbc.driver.T4C8Oall.processError(T4C8Oall.java:951)
	at oracle.jdbc.driver.T4CTTIfun.receive(T4CTTIfun.java:513)
	at oracle.jdbc.driver.T4CTTIfun.doRPC(T4CTTIfun.java:227)
	at oracle.jdbc.driver.T4C8Oall.doOALL(T4C8Oall.java:531)
	at oracle.jdbc.driver.T4CPreparedStatement.doOall8(T4CPreparedStatement.java:208)
	at oracle.jdbc.driver.T4CPreparedStatement.executeForDescribe(T4CPreparedStatement.java:886)
	at oracle.jdbc.driver.OracleStatement.executeMaybeDescribe(OracleStatement.java:1175)
	at oracle.jdbc.driver.OracleStatement.doExecuteWithTimeout(OracleStatement.java:1296)
	at oracle.jdbc.driver.OracleStatement.doScrollExecuteCommon(OracleStatement.java:4721)
	at oracle.jdbc.driver.OraclePreparedStatement.doScrollPstmtExecuteUpdate(OraclePreparedStatement.java:10613)
	at oracle.jdbc.driver.OraclePreparedStatement.executeInternal(OraclePreparedStatement.java:3611)
	at oracle.jdbc.driver.OraclePreparedStatement.execute(OraclePreparedStatement.java:3714)
	at oracle.jdbc.driver.OraclePreparedStatementWrapper.execute(OraclePreparedStatementWrapper.java:1378)
	at informare.livrare.model.OperatiiClient.adresaClientExista(OperatiiClient.java:111)
	at informare.livrare.beans.BeanClient.setCoordGps(BeanClient.java:99)
	at informare.livrare.model.OperatiiBorderou.getClientiBorderouOnline(OperatiiBorderou.java:118)
	at informare.livrare.model.OperatiiClient.getTimpSosireClient(OperatiiClient.java:149)
	at informare.livrare.test.TestClass.main(TestClass.java:40)

12-Mar-2018 10:22:49 [main] ERROR informare.livrare.model.OperatiiBorderou - java.sql.SQLException: Invalid column index
	at oracle.jdbc.driver.OraclePreparedStatement.setStringInternal(OraclePreparedStatement.java:5386)
	at oracle.jdbc.driver.OraclePreparedStatement.setString(OraclePreparedStatement.java:5374)
	at oracle.jdbc.driver.OraclePreparedStatementWrapper.setString(OraclePreparedStatementWrapper.java:282)
	at informare.livrare.model.OperatiiBorderou.logEstimare(OperatiiBorderou.java:211)
	at informare.livrare.test.TestClass.main(TestClass.java:30)

12-Mar-2018 10:23:12 [main] ERROR informare.livrare.model.OperatiiBorderou - java.sql.SQLException: Invalid column index
	at oracle.jdbc.driver.OraclePreparedStatement.setStringInternal(OraclePreparedStatement.java:5386)
	at oracle.jdbc.driver.OraclePreparedStatement.setString(OraclePreparedStatement.java:5374)
	at oracle.jdbc.driver.OraclePreparedStatementWrapper.setString(OraclePreparedStatementWrapper.java:282)
	at informare.livrare.model.OperatiiBorderou.logEstimare(OperatiiBorderou.java:211)
	at informare.livrare.test.TestClass.main(TestClass.java:30)

12-Mar-2018 10:23:24 [main] ERROR informare.livrare.model.OperatiiBorderou - java.sql.SQLException: Invalid column index
	at oracle.jdbc.driver.OraclePreparedStatement.setStringInternal(OraclePreparedStatement.java:5386)
	at oracle.jdbc.driver.OraclePreparedStatement.setString(OraclePreparedStatement.java:5374)
	at oracle.jdbc.driver.OraclePreparedStatementWrapper.setString(OraclePreparedStatementWrapper.java:282)
	at informare.livrare.model.OperatiiBorderou.logEstimare(OperatiiBorderou.java:211)
	at informare.livrare.test.TestClass.main(TestClass.java:30)

12-Mar-2018 10:24:24 [main] ERROR informare.livrare.model.OperatiiBorderou - java.sql.SQLException: Invalid column index
	at oracle.jdbc.driver.OraclePreparedStatement.setStringInternal(OraclePreparedStatement.java:5386)
	at oracle.jdbc.driver.OraclePreparedStatement.setString(OraclePreparedStatement.java:5374)
	at oracle.jdbc.driver.OraclePreparedStatementWrapper.setString(OraclePreparedStatementWrapper.java:282)
	at informare.livrare.model.OperatiiBorderou.logEstimare(OperatiiBorderou.java:211)
	at informare.livrare.test.TestClass.main(TestClass.java:30)

12-Mar-2018 10:30:49 [main] ERROR informare.livrare.model.OperatiiBorderou - java.sql.SQLException: Invalid column index
	at oracle.jdbc.driver.OraclePreparedStatement.setStringInternal(OraclePreparedStatement.java:5386)
	at oracle.jdbc.driver.OraclePreparedStatement.setString(OraclePreparedStatement.java:5374)
	at oracle.jdbc.driver.OraclePreparedStatementWrapper.setString(OraclePreparedStatementWrapper.java:282)
	at informare.livrare.model.OperatiiBorderou.logEstimare(OperatiiBorderou.java:211)
	at informare.livrare.test.TestClass.main(TestClass.java:30)

